2023-11-21 03:41:07,184 - main1.py[line:131] - [1, 2, 3, 4, 5, 6, 7, 8, 9, 10, 0, 1, 2, 6, 9]|||0
2023-11-21 06:29:32,392 - main1.py[line:131] - [0, 3, 9]|||1
2023-11-21 09:15:47,296 - main1.py[line:131] - [0, 3, 6, 9]|||2
2023-11-21 12:50:17,878 - main1.py[line:132] - [0, 1, 2, 3, 4, 5, 6, 7, 8, 9]|||[0, 1, 3, 6, 7, 8, 9]|||0
2023-11-21 14:42:28,102 - main1.py[line:132] - [0, 1, 2, 3, 4, 5, 6, 7, 8, 9]|||[0, 1, 2, 3, 6, 8, 9]|||1
2023-11-21 16:34:37,318 - main1.py[line:132] - [0, 1, 2, 3, 4, 5, 6, 7, 8, 9]|||[1, 3, 8, 9]|||2
2023-11-21 18:27:20,734 - main1.py[line:132] - [0, 1, 2, 3, 4, 5, 6, 7, 8, 9]|||[3, 8, 9]|||3
2023-11-21 20:19:52,249 - main1.py[line:132] - [0, 1, 2, 3, 4, 5, 6, 7, 8, 9]|||[3, 9]|||4
2023-11-21 22:12:01,064 - main1.py[line:132] - [0, 1, 2, 3, 4, 5, 6, 7, 8, 9]|||[3, 9]|||5
2023-11-22 00:44:38,281 - main1.py[line:132] - [0]|||[]|||0
2023-11-22 01:23:23,316 - main1.py[line:132] - [0]|||[0]|||0
2023-11-22 01:51:11,384 - main1.py[line:132] - [0]|||[]|||1
2023-11-22 02:19:07,844 - main1.py[line:132] - [0]|||[0]|||2
2023-11-22 02:47:04,855 - main1.py[line:132] - [0]|||[]|||3
2023-11-22 03:15:01,230 - main1.py[line:132] - [0]|||[]|||4
2023-11-22 03:42:55,194 - main1.py[line:132] - [0]|||[]|||5
2023-11-22 04:10:53,665 - main1.py[line:132] - [0]|||[]|||6
2023-11-22 04:38:50,007 - main1.py[line:132] - [0]|||[]|||7
2023-11-22 05:06:48,815 - main1.py[line:132] - [0]|||[]|||8
2023-11-22 05:34:45,089 - main1.py[line:132] - [0]|||[]|||9
2023-11-22 06:02:26,044 - main1.py[line:132] - [0]|||[]|||10
2023-11-22 06:30:07,512 - main1.py[line:132] - [0]|||[]|||11
2023-11-22 06:57:48,604 - main1.py[line:132] - [0]|||[]|||12
2023-11-22 07:25:30,792 - main1.py[line:132] - [0]|||[]|||13
2023-11-22 07:53:13,177 - main1.py[line:132] - [0]|||[]|||14
2023-11-22 08:20:54,276 - main1.py[line:132] - [0]|||[]|||15
2023-11-22 08:48:35,842 - main1.py[line:132] - [0]|||[]|||16
2023-11-22 09:16:17,987 - main1.py[line:132] - [0]|||[]|||17
2023-11-22 09:44:00,370 - main1.py[line:132] - [0]|||[]|||18
2023-11-22 10:11:45,063 - main1.py[line:132] - [0]|||[]|||19
2023-11-22 10:39:26,497 - main1.py[line:132] - [0]|||[]|||20
2023-11-22 11:07:07,184 - main1.py[line:132] - [0]|||[]|||21
2023-11-22 11:34:49,527 - main1.py[line:132] - [0]|||[]|||22
2023-11-22 12:02:29,932 - main1.py[line:132] - [0]|||[]|||23
2023-11-22 13:20:24,423 - main1.py[line:134] - [0, 1, 2, 3, 4, 5, 6, 7, 8, 9]|||[1, 4, 6, 8, 9]|||0
2023-11-22 14:22:58,767 - main1.py[line:134] - [0, 1, 2, 3, 4, 5, 6, 7, 8, 9]|||[1, 4, 6, 8, 9]|||1
2023-11-22 15:25:37,110 - main1.py[line:134] - [0, 1, 2, 3, 4, 5, 6, 7, 8, 9]|||[1, 4, 6, 8, 9]|||2
2023-11-22 17:07:57,945 - main1.py[line:134] - [0, 1, 2, 3, 4, 5, 6, 7, 8, 9]|||[1, 4, 6, 8, 9]|||3
2023-11-22 18:59:00,036 - main1.py[line:134] - [0, 1, 2, 3, 4, 5, 6, 7, 8, 9]|||[1, 4, 6, 8, 9]|||4
2023-11-22 20:50:03,926 - main1.py[line:134] - [0, 1, 2, 3, 4, 5, 6, 7, 8, 9]|||[1, 4, 6, 8, 9]|||5
2023-11-22 22:41:07,552 - main1.py[line:134] - [0, 1, 2, 3, 4, 5, 6, 7, 8, 9]|||[1, 4, 6, 8, 9]|||6
2023-11-23 13:34:30,833 - main1.py[line:134] - [0, 1, 2, 3, 4, 5, 6, 7, 8, 9]|||[0, 1, 2, 3, 4, 5, 6, 7, 8, 9]|||0
2023-11-23 14:38:45,617 - main1.py[line:134] - [0, 1, 2, 3, 4, 5, 6, 7, 8, 9]|||[0, 1, 2, 3, 4, 5, 6, 7, 8, 9]|||1
2023-11-23 15:43:15,979 - main1.py[line:134] - [0, 1, 2, 3, 4, 5, 6, 7, 8, 9]|||[0, 1, 2, 3, 4, 5, 6, 7, 8, 9]|||2
2023-11-23 16:47:22,521 - main1.py[line:134] - [0, 1, 2, 3, 4, 5, 6, 7, 8, 9]|||[0, 1, 2, 3, 4, 5, 6, 7, 8, 9]|||3
2023-11-23 17:51:39,316 - main1.py[line:134] - [0, 1, 2, 3, 4, 5, 6, 7, 8, 9]|||[0, 1, 2, 3, 4, 5, 6, 7, 8, 9]|||4
2023-11-23 18:55:52,887 - main1.py[line:134] - [0, 1, 2, 3, 4, 5, 6, 7, 8, 9]|||[0, 1, 2, 3, 4, 5, 6, 7, 8, 9]|||5
2023-11-23 20:00:12,211 - main1.py[line:134] - [0, 1, 2, 3, 4, 5, 6, 7, 8, 9]|||[0, 1, 2, 3, 4, 5, 6, 7, 8, 9]|||6
2023-11-23 21:04:57,211 - main1.py[line:134] - [0, 1, 2, 3, 4, 5, 6, 7, 8, 9]|||[0, 1, 2, 3, 4, 5, 6, 7, 8, 9]|||7
2023-11-23 22:09:13,919 - main1.py[line:134] - [0, 1, 2, 3, 4, 5, 6, 7, 8, 9]|||[0, 1, 2, 3, 4, 5, 6, 7, 8, 9]|||8
2023-11-24 13:28:08,899 - main1.py[line:134] - [0, 1, 2, 3, 4, 5, 6, 7, 8, 9]|||[0, 1, 2, 3, 4, 5, 6, 7, 8, 9]|||0
2023-11-24 14:33:24,368 - main1.py[line:134] - [0, 1, 2, 3, 4, 5, 6, 7, 8, 9]|||[0, 1, 2, 3, 4, 5, 6, 7, 8, 9]|||1
2023-11-24 15:43:01,934 - main1.py[line:134] - [0, 1, 2, 3, 4, 5, 6, 7, 8, 9]|||[0, 1, 2, 3, 4, 5, 6, 7, 8, 9]|||2
2023-11-24 17:35:09,452 - main1.py[line:134] - [0, 1, 2, 3, 4, 5, 6, 7, 8, 9]|||[0, 1, 2, 3, 4, 5, 6, 7, 8, 9]|||3
2023-11-24 19:28:06,169 - main1.py[line:134] - [0, 1, 2, 3, 4, 5, 6, 7, 8, 9]|||[0, 1, 2, 3, 4, 5, 6, 7, 8, 9]|||4
2023-11-24 21:21:34,605 - main1.py[line:134] - [0, 1, 2, 3, 4, 5, 6, 7, 8, 9]|||[0, 1, 2, 3, 4, 5, 6, 7, 8, 9]|||5
2023-11-24 23:26:42,428 - main1.py[line:134] - [0, 1, 2, 3, 4, 5, 6, 7, 8, 9]|||[0, 1, 2, 3, 4, 5, 6, 7, 8, 9]|||6
2023-11-25 01:31:39,466 - main1.py[line:134] - [0, 1, 2, 3, 4, 5, 6, 7, 8, 9]|||[0, 1, 2, 3, 4, 5, 6, 7, 8, 9]|||7
2023-11-25 03:23:46,183 - main1.py[line:134] - [0, 1, 2, 3, 4, 5, 6, 7, 8, 9]|||[0, 1, 2, 3, 4, 5, 6, 7, 8, 9]|||8
2023-11-25 05:15:37,492 - main1.py[line:134] - [0, 1, 2, 3, 4, 5, 6, 7, 8, 9]|||[0, 1, 2, 3, 4, 5, 6, 7, 8, 9]|||9
2023-11-25 07:07:47,315 - main1.py[line:134] - [0, 1, 2, 3, 4, 5, 6, 7, 8, 9]|||[0, 1, 2, 3, 4, 5, 6, 7, 8, 9]|||10
2023-11-25 08:59:51,850 - main1.py[line:134] - [0, 1, 2, 3, 4, 5, 6, 7, 8, 9]|||[0, 1, 2, 3, 4, 5, 6, 7, 8, 9]|||11
2023-11-25 10:51:49,380 - main1.py[line:134] - [0, 1, 2, 3, 4, 5, 6, 7, 8, 9]|||[0, 1, 2, 3, 4, 5, 6, 7, 8, 9]|||12
2023-11-25 12:43:54,274 - main1.py[line:134] - [0, 1, 2, 3, 4, 5, 6, 7, 8, 9]|||[0, 1, 2, 3, 4, 5, 6, 7, 8, 9]|||13
2023-11-25 18:33:12,654 - main1.py[line:134] - [0, 1, 2, 3, 4, 5, 6, 7, 8, 9]|||[1, 4, 5, 6]|||0
2023-11-25 20:25:51,331 - main1.py[line:134] - [0, 1, 2, 3, 4, 5, 6, 7, 8, 9]|||[1, 4, 5, 6]|||1
2023-11-25 22:18:44,041 - main1.py[line:134] - [0, 1, 2, 3, 4, 5, 6, 7, 8, 9]|||[1, 4, 5, 6]|||2
2023-11-26 00:11:41,800 - main1.py[line:134] - [0, 1, 2, 3, 4, 5, 6, 7, 8, 9]|||[1, 4, 5, 6]|||3
2023-11-26 02:04:52,572 - main1.py[line:134] - [0, 1, 2, 3, 4, 5, 6, 7, 8, 9]|||[1, 4, 5, 6]|||4
2023-11-26 03:58:35,191 - main1.py[line:134] - [0, 1, 2, 3, 4, 5, 6, 7, 8, 9]|||[1, 4, 5, 6]|||5
2023-11-26 05:51:37,109 - main1.py[line:134] - [0, 1, 2, 3, 4, 5, 6, 7, 8, 9]|||[1, 4, 5, 6]|||6
2023-11-26 07:44:36,238 - main1.py[line:134] - [0, 1, 2, 3, 4, 5, 6, 7, 8, 9]|||[1, 4, 5, 6]|||7
2023-11-26 09:37:38,025 - main1.py[line:134] - [0, 1, 2, 3, 4, 5, 6, 7, 8, 9]|||[1, 4, 5, 6]|||8
2023-11-26 11:30:34,842 - main1.py[line:134] - [0, 1, 2, 3, 4, 5, 6, 7, 8, 9]|||[1, 4, 5, 6]|||9
2023-11-26 13:23:49,147 - main1.py[line:134] - [0, 1, 2, 3, 4, 5, 6, 7, 8, 9]|||[1, 4, 5, 6]|||10
2023-11-26 15:16:52,753 - main1.py[line:134] - [0, 1, 2, 3, 4, 5, 6, 7, 8, 9]|||[1, 4, 5, 6]|||11
2023-11-26 17:10:36,603 - main1.py[line:134] - [0, 1, 2, 3, 4, 5, 6, 7, 8, 9]|||[1, 4, 5, 6]|||12
2023-11-26 19:04:47,236 - main1.py[line:134] - [0, 1, 2, 3, 4, 5, 6, 7, 8, 9]|||[1, 4, 5, 6]|||13
2023-11-26 20:59:01,416 - main1.py[line:134] - [0, 1, 2, 3, 4, 5, 6, 7, 8, 9]|||[1, 4, 5, 6]|||14
2023-11-26 22:52:37,740 - main1.py[line:134] - [0, 1, 2, 3, 4, 5, 6, 7, 8, 9]|||[1, 4, 5, 6]|||15
2023-11-27 00:45:41,272 - main1.py[line:134] - [0, 1, 2, 3, 4, 5, 6, 7, 8, 9]|||[1, 4, 5, 6]|||16
2023-11-27 02:38:36,657 - main1.py[line:134] - [0, 1, 2, 3, 4, 5, 6, 7, 8, 9]|||[1, 4, 5, 6]|||17
2023-11-27 05:35:42,799 - main1.py[line:134] - [0, 1, 2, 3, 4, 5, 6, 7, 8, 9]|||[2, 4, 7, 8, 9]|||0
2023-11-27 07:24:15,383 - main1.py[line:134] - [0, 1, 2, 3, 4, 5, 6, 7, 8, 9]|||[2, 4, 7, 8, 9]|||1
2023-11-27 08:41:38,878 - main2_all_embedding_use.py[line:135] - [0, 1, 2, 3, 4, 5, 6, 7, 8, 9]|||[0, 1, 2, 3, 6, 7]|||0
2023-11-27 09:38:33,325 - main1.py[line:134] - [0, 1, 2, 3, 4, 5, 6, 7, 8, 9]|||[2, 4, 7, 8, 9]|||2
2023-11-27 10:20:29,968 - main2_all_embedding_use.py[line:135] - [0, 1, 2, 3, 4, 5, 6, 7, 8, 9]|||[0, 1, 2, 3, 6, 7]|||1
2023-11-27 11:57:48,667 - main1.py[line:134] - [0, 1, 2, 3, 4, 5, 6, 7, 8, 9]|||[2, 4, 7, 8, 9]|||3
2023-11-27 12:00:34,955 - main2_all_embedding_use.py[line:135] - [0, 1, 2, 3, 4, 5, 6, 7, 8, 9]|||[0, 1, 2, 3, 6, 7]|||2
2023-11-27 13:49:25,696 - main1.py[line:135] - [0, 1, 2, 3, 4, 5, 6, 7, 8, 9]|||[1, 6, 8]|||0
2023-11-27 13:49:25,811 - main2_all_embedding_use.py[line:135] - [0, 1, 2, 3, 4, 5, 6, 7, 8, 9]|||[3, 6, 7, 8]|||0
2023-11-27 15:36:00,278 - main2_all_embedding_use.py[line:135] - [0, 1, 2, 3, 4, 5, 6, 7, 8, 9]|||[3, 6, 7, 8]|||1
2023-11-27 15:36:07,613 - main1.py[line:135] - [0, 1, 2, 3, 4, 5, 6, 7, 8, 9]|||[1, 6, 8]|||1
2023-11-27 17:23:24,597 - main2_all_embedding_use.py[line:135] - [0, 1, 2, 3, 4, 5, 6, 7, 8, 9]|||[3, 6, 7, 8]|||2
2023-11-27 17:23:39,400 - main1.py[line:135] - [0, 1, 2, 3, 4, 5, 6, 7, 8, 9]|||[1, 6, 8]|||2
2023-11-27 19:08:34,839 - main2_all_embedding_use.py[line:135] - [0, 1, 2, 3, 4, 5, 6, 7, 8, 9]|||[3, 6, 7, 8]|||3
2023-11-27 19:08:55,901 - main1.py[line:135] - [0, 1, 2, 3, 4, 5, 6, 7, 8, 9]|||[1, 6, 8]|||3
2023-11-27 20:53:59,520 - main2_all_embedding_use.py[line:135] - [0, 1, 2, 3, 4, 5, 6, 7, 8, 9]|||[3, 6, 7, 8]|||4
2023-11-27 20:54:20,634 - main1.py[line:135] - [0, 1, 2, 3, 4, 5, 6, 7, 8, 9]|||[1, 6, 8]|||4
2023-11-27 22:35:16,163 - main2_all_embedding_use.py[line:135] - [0, 1, 2, 3, 4, 5, 6, 7, 8, 9]|||[3, 6, 7, 8]|||5
2023-11-27 22:35:41,588 - main1.py[line:135] - [0, 1, 2, 3, 4, 5, 6, 7, 8, 9]|||[1, 6, 8]|||5
2023-11-28 00:18:38,835 - main2_all_embedding_use.py[line:135] - [0, 1, 2, 3, 4, 5, 6, 7, 8, 9]|||[3, 6, 7, 8]|||6
2023-11-28 00:19:06,636 - main1.py[line:135] - [0, 1, 2, 3, 4, 5, 6, 7, 8, 9]|||[1, 6, 8]|||6
2023-11-28 02:03:59,016 - main2_all_embedding_use.py[line:135] - [0, 1, 2, 3, 4, 5, 6, 7, 8, 9]|||[3, 6, 7, 8]|||7
2023-11-28 02:04:23,758 - main1.py[line:135] - [0, 1, 2, 3, 4, 5, 6, 7, 8, 9]|||[1, 6, 8]|||7
2023-11-28 03:39:27,509 - main2_all_embedding_use.py[line:135] - [0, 1, 2, 3, 4, 5, 6, 7, 8, 9]|||[3, 6, 7, 8]|||8
2023-11-28 03:39:52,669 - main1.py[line:135] - [0, 1, 2, 3, 4, 5, 6, 7, 8, 9]|||[1, 6, 8]|||8
2023-11-28 05:14:30,273 - main2_all_embedding_use.py[line:135] - [0, 1, 2, 3, 4, 5, 6, 7, 8, 9]|||[3, 6, 7, 8]|||9
2023-11-28 05:14:54,703 - main1.py[line:135] - [0, 1, 2, 3, 4, 5, 6, 7, 8, 9]|||[1, 6, 8]|||9
2023-11-28 06:49:52,548 - main2_all_embedding_use.py[line:135] - [0, 1, 2, 3, 4, 5, 6, 7, 8, 9]|||[3, 6, 7, 8]|||10
2023-11-28 06:50:10,888 - main1.py[line:135] - [0, 1, 2, 3, 4, 5, 6, 7, 8, 9]|||[1, 6, 8]|||10
2023-11-28 08:25:08,629 - main2_all_embedding_use.py[line:135] - [0, 1, 2, 3, 4, 5, 6, 7, 8, 9]|||[3, 6, 7, 8]|||11
2023-11-28 08:25:27,221 - main1.py[line:135] - [0, 1, 2, 3, 4, 5, 6, 7, 8, 9]|||[1, 6, 8]|||11
2023-11-28 10:00:32,821 - main2_all_embedding_use.py[line:135] - [0, 1, 2, 3, 4, 5, 6, 7, 8, 9]|||[3, 6, 7, 8]|||12
2023-11-28 10:00:38,987 - main1.py[line:135] - [0, 1, 2, 3, 4, 5, 6, 7, 8, 9]|||[1, 6, 8]|||12
2023-11-28 11:36:21,131 - main2_all_embedding_use.py[line:135] - [0, 1, 2, 3, 4, 5, 6, 7, 8, 9]|||[3, 6, 7, 8]|||13
2023-11-28 11:36:33,865 - main1.py[line:135] - [0, 1, 2, 3, 4, 5, 6, 7, 8, 9]|||[1, 6, 8]|||13
2023-11-28 13:16:56,962 - main2_all_embedding_use.py[line:135] - [0, 1, 2, 3, 4, 5, 6, 7, 8, 9]|||[3, 6, 7, 8]|||14
2023-11-28 13:17:11,196 - main1.py[line:135] - [0, 1, 2, 3, 4, 5, 6, 7, 8, 9]|||[1, 6, 8]|||14
2023-11-28 14:54:38,902 - main2_all_embedding_use.py[line:135] - [0, 1, 2, 3, 4, 5, 6, 7, 8, 9]|||[3, 6, 7, 8]|||15
2023-11-28 16:29:07,148 - main2_all_embedding_use.py[line:135] - [0, 1, 2, 3, 4, 5, 6, 7, 8, 9]|||[3, 6, 7, 8]|||16
2023-11-28 18:00:37,652 - main2_all_embedding_use.py[line:135] - [0, 1, 2, 3, 4, 5, 6, 7, 8, 9]|||[3, 6, 7, 8]|||17
2023-11-28 19:34:03,959 - main2_all_embedding_use.py[line:135] - [0, 1, 2, 3, 4, 5, 6, 7, 8, 9]|||[3, 6, 7, 8]|||18
2023-11-28 21:09:18,574 - main2_all_embedding_use.py[line:135] - [0, 1, 2, 3, 4, 5, 6, 7, 8, 9]|||[3, 6, 7, 8]|||19
2023-11-28 22:44:04,421 - main2_all_embedding_use.py[line:135] - [0, 1, 2, 3, 4, 5, 6, 7, 8, 9]|||[3, 6, 7, 8]|||20
2023-11-29 00:19:08,540 - main2_all_embedding_use.py[line:135] - [0, 1, 2, 3, 4, 5, 6, 7, 8, 9]|||[3, 6, 7, 8]|||21
2023-11-29 01:54:05,407 - main2_all_embedding_use.py[line:135] - [0, 1, 2, 3, 4, 5, 6, 7, 8, 9]|||[3, 6, 7, 8]|||22
2023-11-29 03:25:56,919 - main2_all_embedding_use.py[line:135] - [0, 1, 2, 3, 4, 5, 6, 7, 8, 9]|||[3, 6, 7, 8]|||23
2023-11-29 04:51:10,003 - main2_all_embedding_use.py[line:135] - [0, 1, 2, 3, 4, 5, 6, 7, 8, 9]|||[3, 6, 7, 8]|||24
2023-11-29 06:16:44,829 - main2_all_embedding_use.py[line:135] - [0, 1, 2, 3, 4, 5, 6, 7, 8, 9]|||[3, 6, 7, 8]|||25
2023-11-29 07:41:48,810 - main2_all_embedding_use.py[line:135] - [0, 1, 2, 3, 4, 5, 6, 7, 8, 9]|||[3, 6, 7, 8]|||26
2023-11-29 09:07:58,339 - main2_all_embedding_use.py[line:135] - [0, 1, 2, 3, 4, 5, 6, 7, 8, 9]|||[3, 6, 7, 8]|||27
2023-11-29 10:34:58,101 - main2_all_embedding_use.py[line:135] - [0, 1, 2, 3, 4, 5, 6, 7, 8, 9]|||[3, 6, 7, 8]|||28
2023-11-29 12:28:26,680 - main1.py[line:135] - [0, 1, 2, 3, 4, 5, 6, 7, 8, 9]|||[3, 4, 6, 7]|||0
2023-11-29 14:01:21,330 - main1.py[line:135] - [0, 1, 2, 3, 4, 5, 6, 7, 8, 9]|||[3, 4, 6, 7]|||1
2023-11-29 14:48:08,519 - main1.py[line:135] - [0, 1, 2, 3, 4, 5, 6, 7, 8, 9]|||[3, 4, 6, 7]|||2
2023-11-29 15:32:05,572 - main1.py[line:135] - [0, 1, 2, 3, 4, 5, 6, 7, 8, 9]|||[3, 4, 6, 7]|||3
2023-11-29 16:15:28,169 - main1.py[line:135] - [0, 1, 2, 3, 4, 5, 6, 7, 8, 9]|||[3, 4, 6, 7]|||4
2023-11-29 16:58:46,434 - main1.py[line:135] - [0, 1, 2, 3, 4, 5, 6, 7, 8, 9]|||[3, 4, 6, 7]|||5
2023-11-29 17:42:09,981 - main1.py[line:135] - [0, 1, 2, 3, 4, 5, 6, 7, 8, 9]|||[3, 4, 6, 7]|||6
2023-11-29 18:25:38,392 - main1.py[line:135] - [0, 1, 2, 3, 4, 5, 6, 7, 8, 9]|||[3, 4, 6, 7]|||7
2023-11-29 19:57:03,820 - main1.py[line:135] - [0, 1, 2, 3, 4, 5, 6, 7, 8, 9]|||[3, 4, 6, 7]|||8
2023-11-29 21:29:33,588 - main1.py[line:135] - [0, 1, 2, 3, 4, 5, 6, 7, 8, 9]|||[3, 4, 6, 7]|||9
2023-11-29 23:02:12,824 - main1.py[line:135] - [0, 1, 2, 3, 4, 5, 6, 7, 8, 9]|||[3, 4, 6, 7]|||10
2023-11-30 00:34:56,741 - main1.py[line:135] - [0, 1, 2, 3, 4, 5, 6, 7, 8, 9]|||[3, 4, 6, 7]|||11
2023-11-30 01:50:19,180 - main1.py[line:135] - [0, 1, 2, 3, 4, 5, 6, 7, 8, 9]|||[3, 4, 6, 7]|||12
2023-11-30 02:34:25,105 - main1.py[line:135] - [0, 1, 2, 3, 4, 5, 6, 7, 8, 9]|||[3, 4, 6, 7]|||13
2023-11-30 03:18:10,416 - main1.py[line:135] - [0, 1, 2, 3, 4, 5, 6, 7, 8, 9]|||[3, 4, 6, 7]|||14
2023-11-30 04:02:10,705 - main1.py[line:135] - [0, 1, 2, 3, 4, 5, 6, 7, 8, 9]|||[3, 4, 6, 7]|||15
2023-11-30 04:45:36,081 - main1.py[line:135] - [0, 1, 2, 3, 4, 5, 6, 7, 8, 9]|||[3, 4, 6, 7]|||16
2023-11-30 05:29:22,291 - main1.py[line:135] - [0, 1, 2, 3, 4, 5, 6, 7, 8, 9]|||[3, 4, 6, 7]|||17
2023-11-30 06:13:14,424 - main1.py[line:135] - [0, 1, 2, 3, 4, 5, 6, 7, 8, 9]|||[3, 4, 6, 7]|||18
2023-11-30 06:56:34,307 - main1.py[line:135] - [0, 1, 2, 3, 4, 5, 6, 7, 8, 9]|||[3, 4, 6, 7]|||19
2023-11-30 07:41:00,988 - main1.py[line:135] - [0, 1, 2, 3, 4, 5, 6, 7, 8, 9]|||[3, 4, 6, 7]|||20
2023-11-30 08:25:21,171 - main1.py[line:135] - [0, 1, 2, 3, 4, 5, 6, 7, 8, 9]|||[3, 4, 6, 7]|||21
2023-11-30 09:09:08,421 - main1.py[line:135] - [0, 1, 2, 3, 4, 5, 6, 7, 8, 9]|||[3, 4, 6, 7]|||22
2023-11-30 09:53:06,861 - main1.py[line:135] - [0, 1, 2, 3, 4, 5, 6, 7, 8, 9]|||[3, 4, 6, 7]|||23
2023-11-30 10:37:22,860 - main1.py[line:135] - [0, 1, 2, 3, 4, 5, 6, 7, 8, 9]|||[3, 4, 6, 7]|||24
2023-11-30 11:25:19,443 - main1.py[line:135] - [0, 1, 2, 3, 4, 5, 6, 7, 8, 9]|||[3, 4, 6, 7]|||25
2023-11-30 12:13:20,668 - main1.py[line:135] - [0, 1, 2, 3, 4, 5, 6, 7, 8, 9]|||[3, 4, 6, 7]|||26
2023-11-30 13:01:11,269 - main1.py[line:135] - [0, 1, 2, 3, 4, 5, 6, 7, 8, 9]|||[3, 4, 6, 7]|||27
2023-11-30 13:48:58,478 - main1.py[line:135] - [0, 1, 2, 3, 4, 5, 6, 7, 8, 9]|||[3, 4, 6, 7]|||28
2023-11-30 15:08:15,575 - main1.py[line:135] - [0, 1, 2, 3, 4, 5, 6, 7, 8, 9]|||[0, 1, 4, 6, 7, 9]|||0
2023-11-30 15:52:20,728 - main1.py[line:135] - [0, 1, 2, 3, 4, 5, 6, 7, 8, 9]|||[0, 1, 4, 6, 7, 9]|||1
2023-11-30 16:36:27,597 - main1.py[line:135] - [0, 1, 2, 3, 4, 5, 6, 7, 8, 9]|||[0, 1, 4, 6, 7, 9]|||2
2023-11-30 17:20:29,306 - main1.py[line:135] - [0, 1, 2, 3, 4, 5, 6, 7, 8, 9]|||[0, 1, 4, 6, 7, 9]|||3
2023-11-30 18:04:38,187 - main1.py[line:135] - [0, 1, 2, 3, 4, 5, 6, 7, 8, 9]|||[0, 1, 4, 6, 7, 9]|||4
2023-11-30 18:50:14,643 - main1.py[line:135] - [0, 1, 2, 3, 4, 5, 6, 7, 8, 9]|||[0, 1, 4, 6, 7, 9]|||5
2023-11-30 19:34:46,685 - main1.py[line:135] - [0, 1, 2, 3, 4, 5, 6, 7, 8, 9]|||[0, 1, 4, 6, 7, 9]|||6
2023-11-30 20:18:45,528 - main1.py[line:135] - [0, 1, 2, 3, 4, 5, 6, 7, 8, 9]|||[0, 1, 4, 6, 7, 9]|||7
2023-11-30 21:02:37,484 - main1.py[line:135] - [0, 1, 2, 3, 4, 5, 6, 7, 8, 9]|||[0, 1, 4, 6, 7, 9]|||8
2023-11-30 21:47:41,534 - main1.py[line:135] - [0, 1, 2, 3, 4, 5, 6, 7, 8, 9]|||[0, 1, 4, 6, 7, 9]|||9
2023-11-30 22:32:04,318 - main1.py[line:135] - [0, 1, 2, 3, 4, 5, 6, 7, 8, 9]|||[0, 1, 4, 6, 7, 9]|||10
2023-11-30 23:16:01,727 - main1.py[line:135] - [0, 1, 2, 3, 4, 5, 6, 7, 8, 9]|||[0, 1, 4, 6, 7, 9]|||11
2023-12-01 00:00:04,209 - main1.py[line:135] - [0, 1, 2, 3, 4, 5, 6, 7, 8, 9]|||[0, 1, 4, 6, 7, 9]|||12
2023-12-01 00:43:50,598 - main1.py[line:135] - [0, 1, 2, 3, 4, 5, 6, 7, 8, 9]|||[0, 1, 4, 6, 7, 9]|||13
2023-12-01 01:27:49,255 - main1.py[line:135] - [0, 1, 2, 3, 4, 5, 6, 7, 8, 9]|||[0, 1, 4, 6, 7, 9]|||14
2023-12-01 02:11:52,574 - main1.py[line:135] - [0, 1, 2, 3, 4, 5, 6, 7, 8, 9]|||[0, 1, 4, 6, 7, 9]|||15
2023-12-01 02:55:35,390 - main1.py[line:135] - [0, 1, 2, 3, 4, 5, 6, 7, 8, 9]|||[0, 1, 4, 6, 7, 9]|||16
2023-12-01 03:39:33,222 - main1.py[line:135] - [0, 1, 2, 3, 4, 5, 6, 7, 8, 9]|||[0, 1, 4, 6, 7, 9]|||17
2023-12-01 04:23:20,852 - main1.py[line:135] - [0, 1, 2, 3, 4, 5, 6, 7, 8, 9]|||[0, 1, 4, 6, 7, 9]|||18
2023-12-01 05:28:54,189 - main1.py[line:135] - [0, 1, 2, 3, 4, 5, 6, 7, 8, 9]|||[0, 1, 4, 6, 7, 9]|||19
2023-12-01 07:01:49,547 - main1.py[line:135] - [0, 1, 2, 3, 4, 5, 6, 7, 8, 9]|||[0, 1, 4, 6, 7, 9]|||20
2023-12-01 08:26:34,586 - main1.py[line:135] - [0, 1, 2, 3, 4, 5, 6, 7, 8, 9]|||[0, 1, 4, 6, 7, 9]|||21
2023-12-01 09:10:52,551 - main1.py[line:135] - [0, 1, 2, 3, 4, 5, 6, 7, 8, 9]|||[0, 1, 4, 6, 7, 9]|||22
2023-12-01 09:54:38,261 - main1.py[line:135] - [0, 1, 2, 3, 4, 5, 6, 7, 8, 9]|||[0, 1, 4, 6, 7, 9]|||23
2023-12-01 10:38:10,726 - main1.py[line:135] - [0, 1, 2, 3, 4, 5, 6, 7, 8, 9]|||[0, 1, 4, 6, 7, 9]|||24
2023-12-01 11:21:56,438 - main1.py[line:135] - [0, 1, 2, 3, 4, 5, 6, 7, 8, 9]|||[0, 1, 4, 6, 7, 9]|||25
2023-12-01 12:05:41,106 - main1.py[line:135] - [0, 1, 2, 3, 4, 5, 6, 7, 8, 9]|||[0, 1, 4, 6, 7, 9]|||26
2023-12-01 12:49:21,681 - main1.py[line:135] - [0, 1, 2, 3, 4, 5, 6, 7, 8, 9]|||[0, 1, 4, 6, 7, 9]|||27
2023-12-01 13:33:13,411 - main1.py[line:135] - [0, 1, 2, 3, 4, 5, 6, 7, 8, 9]|||[0, 1, 4, 6, 7, 9]|||28
2023-12-01 14:16:49,891 - main1.py[line:135] - [0, 1, 2, 3, 4, 5, 6, 7, 8, 9]|||[0, 1, 4, 6, 7, 9]|||29
2023-12-01 15:00:31,306 - main1.py[line:135] - [0, 1, 2, 3, 4, 5, 6, 7, 8, 9]|||[0, 1, 4, 6, 7, 9]|||30
2023-12-01 15:44:23,568 - main1.py[line:135] - [0, 1, 2, 3, 4, 5, 6, 7, 8, 9]|||[0, 1, 4, 6, 7, 9]|||31
2023-12-01 16:28:04,921 - main1.py[line:135] - [0, 1, 2, 3, 4, 5, 6, 7, 8, 9]|||[0, 1, 4, 6, 7, 9]|||32
2023-12-01 17:11:49,741 - main1.py[line:135] - [0, 1, 2, 3, 4, 5, 6, 7, 8, 9]|||[0, 1, 4, 6, 7, 9]|||33
2023-12-01 17:56:24,958 - main1.py[line:135] - [0, 1, 2, 3, 4, 5, 6, 7, 8, 9]|||[0, 1, 4, 6, 7, 9]|||34
2023-12-01 18:40:40,469 - main1.py[line:135] - [0, 1, 2, 3, 4, 5, 6, 7, 8, 9]|||[0, 1, 4, 6, 7, 9]|||35
2023-12-01 19:24:43,432 - main1.py[line:135] - [0, 1, 2, 3, 4, 5, 6, 7, 8, 9]|||[0, 1, 4, 6, 7, 9]|||36
2023-12-01 20:08:51,378 - main1.py[line:135] - [0, 1, 2, 3, 4, 5, 6, 7, 8, 9]|||[0, 1, 4, 6, 7, 9]|||37
2023-12-01 20:52:36,855 - main1.py[line:135] - [0, 1, 2, 3, 4, 5, 6, 7, 8, 9]|||[0, 1, 4, 6, 7, 9]|||38
2023-12-01 22:15:55,132 - main1.py[line:135] - [0, 1, 2, 3, 4, 5, 6, 7, 8, 9]|||[0, 1, 4, 6, 7, 9]|||39
2023-12-01 23:50:52,000 - main1.py[line:135] - [0, 1, 2, 3, 4, 5, 6, 7, 8, 9]|||[0, 1, 4, 6, 7, 9]|||40
2023-12-02 01:21:37,259 - main1.py[line:135] - [0, 1, 2, 3, 4, 5, 6, 7, 8, 9]|||[0, 1, 4, 6, 7, 9]|||41
2023-12-02 02:52:10,274 - main1.py[line:135] - [0, 1, 2, 3, 4, 5, 6, 7, 8, 9]|||[0, 1, 4, 6, 7, 9]|||42
2023-12-02 04:22:30,749 - main1.py[line:135] - [0, 1, 2, 3, 4, 5, 6, 7, 8, 9]|||[0, 1, 4, 6, 7, 9]|||43
2023-12-02 05:53:03,365 - main1.py[line:135] - [0, 1, 2, 3, 4, 5, 6, 7, 8, 9]|||[0, 1, 4, 6, 7, 9]|||44
2023-12-02 07:23:31,351 - main1.py[line:135] - [0, 1, 2, 3, 4, 5, 6, 7, 8, 9]|||[0, 1, 4, 6, 7, 9]|||45
2023-12-02 08:53:37,724 - main1.py[line:135] - [0, 1, 2, 3, 4, 5, 6, 7, 8, 9]|||[0, 1, 4, 6, 7, 9]|||46
2023-12-02 10:23:55,356 - main1.py[line:135] - [0, 1, 2, 3, 4, 5, 6, 7, 8, 9]|||[0, 1, 4, 6, 7, 9]|||47
2023-12-03 14:42:26,511 - main2_all_embedding_use.py[line:135] - [0, 1, 2, 3, 4, 5, 6, 7, 8, 9]|||[1, 3, 6, 9]|||0
2023-12-03 14:42:37,677 - main1.py[line:135] - [0, 1, 2, 3, 4, 5, 6, 7, 8, 9]|||[0, 1, 2, 4, 6, 7, 9]|||0
2023-12-03 17:24:43,097 - main2_all_embedding_use.py[line:135] - [0, 1, 2, 3, 4, 5, 6, 7, 8, 9]|||[1, 3, 6, 9]|||1
2023-12-03 17:25:04,567 - main1.py[line:135] - [0, 1, 2, 3, 4, 5, 6, 7, 8, 9]|||[0, 1, 2, 4, 6, 7, 9]|||1
2023-12-03 19:52:46,016 - main2_all_embedding_use.py[line:135] - [0, 1, 2, 3, 4, 5, 6, 7, 8, 9]|||[1, 3, 6, 9]|||2
2023-12-03 19:53:24,451 - main1.py[line:135] - [0, 1, 2, 3, 4, 5, 6, 7, 8, 9]|||[0, 1, 2, 4, 6, 7, 9]|||2
2023-12-03 22:20:23,037 - main2_all_embedding_use.py[line:135] - [0, 1, 2, 3, 4, 5, 6, 7, 8, 9]|||[1, 3, 6, 9]|||3
2023-12-03 22:21:13,658 - main1.py[line:135] - [0, 1, 2, 3, 4, 5, 6, 7, 8, 9]|||[0, 1, 2, 4, 6, 7, 9]|||3
2023-12-04 00:32:41,996 - main2_all_embedding_use.py[line:135] - [0, 1, 2, 3, 4, 5, 6, 7, 8, 9]|||[1, 3, 6, 9]|||4
2023-12-04 00:33:39,652 - main1.py[line:135] - [0, 1, 2, 3, 4, 5, 6, 7, 8, 9]|||[0, 1, 2, 4, 6, 7, 9]|||4
2023-12-04 02:38:40,473 - main2_all_embedding_use.py[line:135] - [0, 1, 2, 3, 4, 5, 6, 7, 8, 9]|||[1, 3, 6, 9]|||5
2023-12-04 02:39:39,013 - main1.py[line:135] - [0, 1, 2, 3, 4, 5, 6, 7, 8, 9]|||[0, 1, 2, 4, 6, 7, 9]|||5
2023-12-04 04:44:38,025 - main2_all_embedding_use.py[line:135] - [0, 1, 2, 3, 4, 5, 6, 7, 8, 9]|||[1, 3, 6, 9]|||6
2023-12-04 04:45:36,044 - main1.py[line:135] - [0, 1, 2, 3, 4, 5, 6, 7, 8, 9]|||[0, 1, 2, 4, 6, 7, 9]|||6
2023-12-04 06:50:26,424 - main2_all_embedding_use.py[line:135] - [0, 1, 2, 3, 4, 5, 6, 7, 8, 9]|||[1, 3, 6, 9]|||7
2023-12-04 06:51:42,562 - main1.py[line:135] - [0, 1, 2, 3, 4, 5, 6, 7, 8, 9]|||[0, 1, 2, 4, 6, 7, 9]|||7
2023-12-04 08:56:29,000 - main2_all_embedding_use.py[line:135] - [0, 1, 2, 3, 4, 5, 6, 7, 8, 9]|||[1, 3, 6, 9]|||8
2023-12-04 08:57:35,838 - main1.py[line:135] - [0, 1, 2, 3, 4, 5, 6, 7, 8, 9]|||[0, 1, 2, 4, 6, 7, 9]|||8
2023-12-04 11:02:50,258 - main2_all_embedding_use.py[line:135] - [0, 1, 2, 3, 4, 5, 6, 7, 8, 9]|||[1, 3, 6, 9]|||9
2023-12-04 11:03:57,524 - main1.py[line:135] - [0, 1, 2, 3, 4, 5, 6, 7, 8, 9]|||[0, 1, 2, 4, 6, 7, 9]|||9
2023-12-04 13:21:08,611 - main2_all_embedding_use.py[line:135] - [0, 1, 2, 3, 4, 5, 6, 7, 8, 9]|||[1, 3, 6, 9]|||10
2023-12-04 13:22:39,509 - main1.py[line:135] - [0, 1, 2, 3, 4, 5, 6, 7, 8, 9]|||[0, 1, 2, 4, 6, 7, 9]|||10
2023-12-04 15:42:39,153 - main2_all_embedding_use.py[line:135] - [0, 1, 2, 3, 4, 5, 6, 7, 8, 9]|||[1, 3, 6, 9]|||11
2023-12-04 15:43:58,467 - main1.py[line:135] - [0, 1, 2, 3, 4, 5, 6, 7, 8, 9]|||[0, 1, 2, 4, 6, 7, 9]|||11
2023-12-04 17:48:08,750 - main2_all_embedding_use.py[line:135] - [0, 1, 2, 3, 4, 5, 6, 7, 8, 9]|||[1, 3, 6, 9]|||12
2023-12-04 17:49:42,303 - main1.py[line:135] - [0, 1, 2, 3, 4, 5, 6, 7, 8, 9]|||[0, 1, 2, 4, 6, 7, 9]|||12
2023-12-04 19:54:27,365 - main2_all_embedding_use.py[line:135] - [0, 1, 2, 3, 4, 5, 6, 7, 8, 9]|||[1, 3, 6, 9]|||13
2023-12-04 19:56:00,155 - main1.py[line:135] - [0, 1, 2, 3, 4, 5, 6, 7, 8, 9]|||[0, 1, 2, 4, 6, 7, 9]|||13
2023-12-04 22:01:06,296 - main2_all_embedding_use.py[line:135] - [0, 1, 2, 3, 4, 5, 6, 7, 8, 9]|||[1, 3, 6, 9]|||14
2023-12-04 22:02:47,748 - main1.py[line:135] - [0, 1, 2, 3, 4, 5, 6, 7, 8, 9]|||[0, 1, 2, 4, 6, 7, 9]|||14
2023-12-05 00:38:27,227 - main2_all_embedding_use.py[line:135] - [0, 1, 2, 3, 4, 5, 6, 7, 8, 9]|||[1, 3, 6, 9]|||15
2023-12-05 00:40:23,766 - main1.py[line:135] - [0, 1, 2, 3, 4, 5, 6, 7, 8, 9]|||[0, 1, 2, 4, 6, 7, 9]|||15
2023-12-05 02:45:50,697 - main2_all_embedding_use.py[line:135] - [0, 1, 2, 3, 4, 5, 6, 7, 8, 9]|||[1, 3, 6, 9]|||16
2023-12-05 02:47:53,455 - main1.py[line:135] - [0, 1, 2, 3, 4, 5, 6, 7, 8, 9]|||[0, 1, 2, 4, 6, 7, 9]|||16
2023-12-05 04:52:56,230 - main2_all_embedding_use.py[line:135] - [0, 1, 2, 3, 4, 5, 6, 7, 8, 9]|||[1, 3, 6, 9]|||17
2023-12-05 04:55:16,797 - main1.py[line:135] - [0, 1, 2, 3, 4, 5, 6, 7, 8, 9]|||[0, 1, 2, 4, 6, 7, 9]|||17
2023-12-05 07:00:07,687 - main2_all_embedding_use.py[line:135] - [0, 1, 2, 3, 4, 5, 6, 7, 8, 9]|||[1, 3, 6, 9]|||18
2023-12-05 07:02:29,034 - main1.py[line:135] - [0, 1, 2, 3, 4, 5, 6, 7, 8, 9]|||[0, 1, 2, 4, 6, 7, 9]|||18
2023-12-05 09:07:40,234 - main2_all_embedding_use.py[line:135] - [0, 1, 2, 3, 4, 5, 6, 7, 8, 9]|||[1, 3, 6, 9]|||19
2023-12-05 09:09:59,745 - main1.py[line:135] - [0, 1, 2, 3, 4, 5, 6, 7, 8, 9]|||[0, 1, 2, 4, 6, 7, 9]|||19
2023-12-05 11:15:23,367 - main2_all_embedding_use.py[line:135] - [0, 1, 2, 3, 4, 5, 6, 7, 8, 9]|||[1, 3, 6, 9]|||20
2023-12-05 11:17:44,207 - main1.py[line:135] - [0, 1, 2, 3, 4, 5, 6, 7, 8, 9]|||[0, 1, 2, 4, 6, 7, 9]|||20
2023-12-05 15:31:16,505 - main1.py[line:135] - [0, 1, 2, 3, 4, 5, 6, 7, 8, 9]|||[0, 1, 9]|||0
2023-12-05 17:23:01,898 - main1.py[line:135] - [0, 1, 2, 3, 4, 5, 6, 7, 8, 9]|||[0, 1, 6, 9]|||1
2023-12-05 19:22:04,135 - main1.py[line:135] - [0, 1, 2, 3, 4, 5, 6, 7, 8, 9]|||[0, 1, 2, 4, 6, 9]|||2
2023-12-05 21:26:52,760 - main1.py[line:135] - [0, 1, 2, 3, 4, 5, 6, 7, 8, 9]|||[0, 1, 2, 4, 6, 9]|||3
2023-12-05 23:48:15,878 - main1.py[line:135] - [0, 1, 2, 3, 4, 5, 6, 7, 8, 9]|||[0, 1, 2, 4, 5, 6, 9]|||4
2023-12-06 01:37:00,359 - main1.py[line:135] - [0, 1, 2, 3, 4, 5, 6, 7, 8, 9]|||[0, 1, 2, 4, 5, 6, 7, 9]|||5
2023-12-06 03:26:17,084 - main1.py[line:135] - [0, 1, 2, 3, 4, 5, 6, 7, 8, 9]|||[0, 1, 2, 4, 5, 6, 7, 9]|||6
2023-12-06 05:15:45,411 - main1.py[line:135] - [0, 1, 2, 3, 4, 5, 6, 7, 8, 9]|||[0, 1, 2, 4, 5, 6, 7, 9]|||7
2023-12-06 07:05:05,520 - main1.py[line:135] - [0, 1, 2, 3, 4, 5, 6, 7, 8, 9]|||[0, 1, 2, 4, 5, 6, 7, 9]|||8
2023-12-06 08:54:46,895 - main1.py[line:135] - [0, 1, 2, 3, 4, 5, 6, 7, 8, 9]|||[0, 1, 2, 4, 5, 6, 7, 9]|||9
2023-12-06 10:45:42,650 - main1.py[line:135] - [0, 1, 2, 3, 4, 5, 6, 7, 8, 9]|||[0, 1, 2, 4, 5, 6, 7, 9]|||10
2023-12-06 12:45:30,685 - main1.py[line:135] - [0, 1, 2, 3, 4, 5, 6, 7, 8, 9]|||[0, 1, 2, 4, 5, 6, 7, 9]|||11
2023-12-06 16:04:03,764 - main1.py[line:135] - [0, 1, 2, 3, 4, 5, 6, 7, 8, 9]|||[0, 1, 2, 4, 5, 6, 7, 9]|||12
2023-12-06 19:26:28,414 - main1.py[line:135] - [0, 1, 2, 3, 4, 5, 6, 7, 8, 9]|||[0, 1, 2, 4, 5, 6, 7, 9]|||13
2023-12-06 23:01:47,565 - main1.py[line:135] - [0, 1, 2, 3, 4, 5, 6, 7, 8, 9]|||[0, 1, 2, 4, 5, 6, 7, 9]|||14
2023-12-07 02:21:24,145 - main1.py[line:135] - [0, 1, 2, 3, 4, 5, 6, 7, 8, 9]|||[0, 1, 2, 4, 5, 6, 7, 9]|||15
2023-12-07 05:40:52,056 - main1.py[line:135] - [0, 1, 2, 3, 4, 5, 6, 7, 8, 9]|||[0, 1, 2, 4, 5, 6, 7, 9]|||16
2023-12-07 09:04:44,796 - main1.py[line:135] - [0, 1, 2, 3, 4, 5, 6, 7, 8, 9]|||[0, 1, 2, 4, 5, 6, 7, 9]|||17
2023-12-07 12:40:50,304 - main1.py[line:135] - [0, 1, 2, 3, 4, 5, 6, 7, 8, 9]|||[0, 1, 2, 4, 5, 6, 7, 9]|||18
2023-12-12 00:00:22,377 - main1.py[line:135] - [0, 1, 2, 3, 4, 5, 6, 7, 8, 9]|||[0, 1, 4, 5, 7, 8]|||0
2023-12-12 02:03:05,716 - main1.py[line:135] - [0, 1, 2, 3, 4, 5, 6, 7, 8, 9]|||[0, 1, 3, 4, 5, 6, 7, 8, 9]|||1
2023-12-12 04:06:08,816 - main1.py[line:135] - [0, 1, 2, 3, 4, 5, 6, 7, 8, 9]|||[0, 1, 2, 3, 4, 5, 6, 7, 8, 9]|||2
2023-12-12 06:09:13,119 - main1.py[line:135] - [0, 1, 2, 3, 4, 5, 6, 7, 8, 9]|||[0, 1, 2, 3, 4, 5, 6, 7, 8, 9]|||3
2023-12-12 08:12:22,226 - main1.py[line:135] - [0, 1, 2, 3, 4, 5, 6, 7, 8, 9]|||[0, 1, 2, 3, 4, 5, 6, 7, 8, 9]|||4
2023-12-12 10:16:28,937 - main1.py[line:135] - [0, 1, 2, 3, 4, 5, 6, 7, 8, 9]|||[0, 1, 2, 3, 4, 5, 6, 7, 8, 9]|||5
2023-12-12 12:20:10,001 - main1.py[line:135] - [0, 1, 2, 3, 4, 5, 6, 7, 8, 9]|||[0, 1, 2, 3, 4, 5, 6, 7, 8, 9]|||6
2023-12-12 15:40:54,425 - main1.py[line:135] - [0, 1, 2, 3, 4, 5, 6, 7, 8, 9]|||[0, 1, 2, 3, 4, 5, 6, 7, 8, 9]|||7
2023-12-12 19:18:56,282 - main1.py[line:135] - [0, 1, 2, 3, 4, 5, 6, 7, 8, 9]|||[0, 1, 2, 3, 4, 5, 6, 7, 8, 9]|||8
