2023-11-19 18:39:10,074 - main1.py[line:32] - 当前设置为:label_file:data3/tag
train_file:data3/train_t1.txt
dev_file:data3/valid_t.txt
test_file:data3/test_t.txt
vocab:./data1/bert/vocab.txt
entity_list:data3/entity_list
max_length:100
use_cuda:True
gpu:0
batch_size:16
bert_path:data1/bert
rnn_hidden:500
bert_embedding:768
dropout1:0.5
dropout_ratio:0.5
rnn_layer:1
lr:0.0005
lr_decay:0.001
weight_decay:5e-05
checkpoint:result/
optim:Adam
load_model:False
load_path:None
base_epoch:100
momentum:(0.9, 0.999)
network_weight_decay:0.001
arch_learning_rate:0.0005
arch_weight_decay:0.001
L1_weight:0.1
unrolled:False
regular:False
total_epoch:0
dataset_config:{'data_folder': 'C:\\Users\\Administrator\\Desktop\\ACE-main\\datasets\\conll_03_english', 'column_format': {0: 'text', 1: 'pos', 2: 'chunk', 3: 'ner'}}

2023-11-19 19:07:26,776 - main1.py[line:86] - -------------------------------start 0 epoch train-----------------------------------
2023-11-19 21:36:09,146 - main1.py[line:136] - End 0 epoch train,spend time 8922.367434740067.
The arch_parmeters is tensor([-1.3972e-02, -8.9627e-06, -4.2106e-01, -4.3955e-01, -1.4905e+00,
        -4.3057e-01, -6.9835e-05, -3.0330e-06,  2.1266e+00, -8.4463e-02,
         1.6570e-01], device='cuda:0', requires_grad=True),the top 3 parameters is torch.return_types.topk(
values=tensor([ 2.1266e+00,  1.6570e-01, -3.0330e-06], device='cuda:0',
       grad_fn=<TopkBackward>),
indices=tensor([ 8, 10,  7], device='cuda:0')) 
2023-11-19 21:50:13,087 - main1.py[line:198] - End dev,spend time 843.9406154155731.
 F1 value is {'PER': 0.9844049247606019, 'LOC': 0.9823855057876195, 'ORG': 0.9611705120990434, 'MIS': 0.950383631713555} ,total_F1 is 0.9724463388643628,eval  epoch: 0|  loss: 0.0009450887734035276.
2023-11-19 21:50:13,087 - main1.py[line:199] - -----------------------------End 0 epoch train---------------------------------
2023-11-19 21:50:24,336 - main1.py[line:86] - -------------------------------start 1 epoch train-----------------------------------
2023-11-19 23:48:12,279 - main1.py[line:136] - End 1 epoch train,spend time 7067.93928360939.
The arch_parmeters is tensor([-1.0626e-05, -1.4691e-04, -8.6502e-02, -1.0554e-01, -1.1564e+00,
        -9.6562e-02,  1.2619e-04, -1.6237e-04,  1.7898e+00, -1.5879e-04,
        -4.3274e-05], device='cuda:0', requires_grad=True),the top 3 parameters is torch.return_types.topk(
values=tensor([ 1.7898e+00,  1.2619e-04, -1.0626e-05], device='cuda:0',
       grad_fn=<TopkBackward>),
indices=tensor([8, 6, 0], device='cuda:0')) 
2023-11-20 00:03:50,609 - main1.py[line:198] - End dev,spend time 938.3294167518616.
 F1 value is {'PER': 0.9833923223523006, 'LOC': 0.9892526868282929, 'ORG': 0.9742551345096905, 'MIS': 0.9446981227803146} ,total_F1 is 0.9769500839566478,eval  epoch: 1|  loss: 0.0009086629129805655.
2023-11-20 00:03:50,609 - main1.py[line:199] - -----------------------------End 1 epoch train---------------------------------
2023-11-20 00:04:02,055 - main1.py[line:86] - -------------------------------start 2 epoch train-----------------------------------
2023-11-20 02:31:35,157 - main1.py[line:136] - End 2 epoch train,spend time 8853.097522974014.
The arch_parmeters is tensor([-2.3689e-04,  4.7474e-05,  1.7836e-04, -2.0445e-04, -8.2272e-01,
         2.2888e-04, -1.4528e-06, -8.2774e-05,  1.4551e+00, -1.3767e-04,
        -1.3196e-04], device='cuda:0', requires_grad=True),the top 3 parameters is torch.return_types.topk(
values=tensor([1.4551e+00, 2.2888e-04, 1.7836e-04], device='cuda:0',
       grad_fn=<TopkBackward>),
indices=tensor([8, 5, 2], device='cuda:0')) 
2023-11-20 02:58:31,549 - main1.py[line:198] - End dev,spend time 1616.3910341262817.
 F1 value is {'PER': 0.9860388721598686, 'LOC': 0.9849473156046161, 'ORG': 0.9735175590097871, 'MIS': 0.9655521783181358} ,total_F1 is 0.9792924275999083,eval  epoch: 2|  loss: 0.0005827819401363157.
2023-11-20 02:58:31,549 - main1.py[line:199] - -----------------------------End 2 epoch train---------------------------------
2023-11-20 02:58:43,028 - main1.py[line:86] - -------------------------------start 3 epoch train-----------------------------------
2023-11-20 06:06:12,073 - main1.py[line:136] - End 3 epoch train,spend time 11249.041384458542.
The arch_parmeters is tensor([ 1.6635e-05,  4.5436e-06,  4.4409e-06,  2.8597e-05, -7.8932e-01,
         2.4806e-05, -3.3422e-07, -1.7973e-06,  1.4216e+00,  6.2767e-06,
         1.0154e-05], device='cuda:0', requires_grad=True),the top 3 parameters is torch.return_types.topk(
values=tensor([1.4216e+00, 2.8597e-05, 2.4806e-05], device='cuda:0',
       grad_fn=<TopkBackward>),
indices=tensor([8, 3, 5], device='cuda:0')) 
2023-11-20 06:33:48,572 - main1.py[line:198] - End dev,spend time 1656.4991009235382.
 F1 value is {'PER': 0.9894108064078198, 'LOC': 0.9866532359607153, 'ORG': 0.978711162255466, 'MIS': 0.9728900255754476} ,total_F1 is 0.9832632785632403,eval  epoch: 3|  loss: 0.0006336711487680111.
2023-11-20 06:33:48,572 - main1.py[line:199] - -----------------------------End 3 epoch train---------------------------------
2023-11-20 06:33:48,594 - main1.py[line:86] - -------------------------------start 4 epoch train-----------------------------------
2023-11-20 08:42:55,420 - main1.py[line:32] - 当前设置为:label_file:data3/tag
train_file:data3/train_t1.txt
dev_file:data3/valid_t.txt
test_file:data3/test_t.txt
vocab:./data1/bert/vocab.txt
entity_list:data3/entity_list
max_length:100
use_cuda:True
gpu:0
batch_size:16
bert_path:data1/bert
rnn_hidden:500
bert_embedding:768
dropout1:0.5
dropout_ratio:0.5
rnn_layer:1
lr:0.0005
lr_decay:0.001
weight_decay:5e-05
checkpoint:result/
optim:Adam
load_model:False
load_path:None
base_epoch:100
momentum:(0.9, 0.999)
network_weight_decay:0.001
arch_learning_rate:0.0005
arch_weight_decay:0.001
L1_weight:0.1
unrolled:False
choosed:False
embedding_select:[1, 2, 3, 4, 5, 6, 7, 8, 9, 10]
regular:False
total_epoch:0
dataset_config:{'data_folder': 'C:\\Users\\Administrator\\Desktop\\ACE-main\\datasets\\conll_03_english', 'column_format': {0: 'text', 1: 'pos', 2: 'chunk', 3: 'ner'}}

2023-11-20 08:43:13,342 - main1.py[line:86] - -------------------------------start 0 epoch train-----------------------------------
2023-11-20 09:57:55,204 - main1.py[line:33] - 当前设置为:label_file:data3/tag
train_file:data3/train_t1.txt
dev_file:data3/valid_t.txt
test_file:data3/test_t.txt
vocab:./data1/bert/vocab.txt
entity_list:data3/entity_list
max_length:100
use_cuda:True
gpu:0
batch_size:16
bert_path:data1/bert
rnn_hidden:500
bert_embedding:768
dropout1:0.5
dropout_ratio:0.5
rnn_layer:1
lr:0.0005
lr_decay:0.001
weight_decay:5e-05
checkpoint:result/
optim:Adam
load_model:False
load_path:None
base_epoch:100
momentum:(0.9, 0.999)
network_weight_decay:0.001
arch_learning_rate:0.0005
arch_weight_decay:0.001
L1_weight:0.1
unrolled:False
choosed:False
embedding_select:[1, 2, 3, 4, 5, 6, 7, 8, 9, 10]
regular:False
total_epoch:0
dataset_config:{'data_folder': 'C:\\Users\\Administrator\\Desktop\\ACE-main\\datasets\\conll_03_english', 'column_format': {0: 'text', 1: 'pos', 2: 'chunk', 3: 'ner'}}

2023-11-20 09:59:12,425 - main1.py[line:87] - -------------------------------start 0 epoch train-----------------------------------
2023-11-20 11:58:54,991 - main1.py[line:33] - 当前设置为:label_file:data3/tag
train_file:data3/train_t1.txt
dev_file:data3/valid_t.txt
test_file:data3/test_t.txt
vocab:./data1/bert/vocab.txt
entity_list:data3/entity_list
max_length:100
use_cuda:True
gpu:0
batch_size:16
bert_path:data1/bert
rnn_hidden:500
bert_embedding:768
dropout1:0.5
dropout_ratio:0.5
rnn_layer:1
lr:0.0005
lr_decay:0.001
weight_decay:5e-05
checkpoint:result/
optim:Adam
load_model:False
load_path:None
base_epoch:100
momentum:(0.9, 0.999)
network_weight_decay:0.001
arch_learning_rate:0.0005
arch_weight_decay:0.001
L1_weight:0.1
unrolled:False
choosed:False
embedding_select:[1, 2, 3, 4, 5, 6, 7, 8, 9, 10]
regular:False
total_epoch:0
dataset_config:{'data_folder': 'C:\\Users\\Administrator\\Desktop\\ACE-main\\datasets\\conll_03_english', 'column_format': {0: 'text', 1: 'pos', 2: 'chunk', 3: 'ner'}}

2023-11-20 12:00:20,796 - main1.py[line:87] - -------------------------------start 0 epoch train-----------------------------------
2023-11-20 13:33:41,147 - main1.py[line:139] - End 0 epoch train,spend time 5600.327243566513.
The arch_parmeters is tensor([ 6.3486e-06,  8.4754e-01, -8.6606e-01, -2.0541e-01, -7.3923e-01,
         3.4792e-05,  2.3330e-04, -5.7598e-05, -3.4072e-05,  1.2098e-04],
       device='cuda:0', requires_grad=True),the top 3 parameters is torch.return_types.topk(
values=tensor([8.4754e-01, 2.3330e-04, 1.2098e-04], device='cuda:0',
       grad_fn=<TopkBackward>),
indices=tensor([1, 6, 9], device='cuda:0')) 
2023-11-20 13:44:03,083 - main1.py[line:200] - End dev,spend time 621.9358088970184.
 F1 value is {'PER': 0.9822840010902153, 'LOC': 0.9814070351758795, 'ORG': 0.9675380637747772, 'MIS': 0.9507364144235654} ,total_F1 is 0.9733567447896786,eval  epoch: 0|  loss: 0.0007852406996601033.
2023-11-20 13:44:03,084 - main1.py[line:201] - -----------------------------End 0 epoch train---------------------------------
2023-11-20 13:44:13,092 - main1.py[line:87] - -------------------------------start 1 epoch train-----------------------------------
2023-11-20 15:13:20,610 - main1.py[line:139] - End 1 epoch train,spend time 5347.51566362381.
The arch_parmeters is tensor([-6.7279e-05,  5.1927e-01, -5.3139e-01,  1.2781e-04, -4.0462e-01,
        -6.8985e-05,  5.8067e-05,  1.1923e-04,  2.2435e-04,  3.1519e-05],
       device='cuda:0', requires_grad=True),the top 3 parameters is torch.return_types.topk(
values=tensor([5.1927e-01, 2.2435e-04, 1.2781e-04], device='cuda:0',
       grad_fn=<TopkBackward>),
indices=tensor([1, 8, 3], device='cuda:0')) 
2023-11-20 15:23:46,145 - main1.py[line:200] - End dev,spend time 625.5355134010315.
 F1 value is {'PER': 0.986069379950833, 'LOC': 0.9816904941058441, 'ORG': 0.9694348327566321, 'MIS': 0.946181445412609} ,total_F1 is 0.9743628989056402,eval  epoch: 1|  loss: 0.0007677088368613765.
2023-11-20 15:23:46,145 - main1.py[line:201] - -----------------------------End 1 epoch train---------------------------------
2023-11-20 15:23:56,678 - main1.py[line:87] - -------------------------------start 2 epoch train-----------------------------------
2023-11-20 16:53:17,705 - main1.py[line:139] - End 2 epoch train,spend time 5361.02426815033.
The arch_parmeters is tensor([ 5.3197e-06,  1.8507e-01, -1.9762e-01,  8.6187e-05, -7.0851e-02,
        -6.8023e-05,  3.9957e-06,  2.5234e-04,  9.7850e-05, -5.0812e-05],
       device='cuda:0', requires_grad=True),the top 3 parameters is torch.return_types.topk(
values=tensor([1.8507e-01, 2.5234e-04, 9.7850e-05], device='cuda:0',
       grad_fn=<TopkBackward>),
indices=tensor([1, 7, 8], device='cuda:0')) 
2023-11-20 17:03:50,127 - main1.py[line:200] - End dev,spend time 632.4218783378601.
 F1 value is {'PER': 0.9822549822549824, 'LOC': 0.9842381786339754, 'ORG': 0.968403074295474, 'MIS': 0.9613034623217923} ,total_F1 is 0.9760219228134276,eval  epoch: 2|  loss: 0.0007748402514547672.
2023-11-20 17:03:50,127 - main1.py[line:201] - -----------------------------End 2 epoch train---------------------------------
2023-11-20 17:03:50,138 - main1.py[line:87] - -------------------------------start 3 epoch train-----------------------------------
2023-11-20 18:32:31,076 - main1.py[line:139] - End 3 epoch train,spend time 5320.93536567688.
The arch_parmeters is tensor([ 5.2288e-06,  1.5161e-01, -1.6424e-01, -1.5195e-05, -3.7471e-02,
         2.2677e-06, -9.7603e-06, -1.3080e-05, -1.2141e-05,  2.6759e-06],
       device='cuda:0', requires_grad=True),the top 3 parameters is torch.return_types.topk(
values=tensor([1.5161e-01, 5.2288e-06, 2.6759e-06], device='cuda:0',
       grad_fn=<TopkBackward>),
indices=tensor([1, 0, 9], device='cuda:0')) 
2023-11-20 18:42:55,623 - main1.py[line:200] - End dev,spend time 624.5467877388.
 F1 value is {'PER': 0.9833378858235455, 'LOC': 0.9790940766550523, 'ORG': 0.9723820483314155, 'MIS': 0.960325534079349} ,total_F1 is 0.9756878286715951,eval  epoch: 3|  loss: 0.0007754098694279509.
2023-11-20 18:42:55,623 - main1.py[line:201] - -----------------------------End 3 epoch train---------------------------------
2023-11-20 18:42:55,634 - main1.py[line:87] - -------------------------------start 4 epoch train-----------------------------------
2023-11-20 20:11:42,489 - main1.py[line:139] - End 4 epoch train,spend time 5326.851696014404.
The arch_parmeters is tensor([-8.1884e-06,  1.1807e-01, -1.3080e-01,  2.3737e-05, -4.0244e-03,
        -1.6895e-05, -2.9100e-05,  1.6593e-05,  1.4209e-05,  3.5289e-06],
       device='cuda:0', requires_grad=True),the top 3 parameters is torch.return_types.topk(
values=tensor([1.1807e-01, 2.3737e-05, 1.6593e-05], device='cuda:0',
       grad_fn=<TopkBackward>),
indices=tensor([1, 3, 7], device='cuda:0')) 
2023-11-20 20:22:07,235 - main1.py[line:200] - End dev,spend time 624.7456195354462.
 F1 value is {'PER': 0.9807327001356853, 'LOC': 0.9812077173640692, 'ORG': 0.9688482423549586, 'MIS': 0.9625448948178553} ,total_F1 is 0.9750076196281621,eval  epoch: 4|  loss: 0.0008816040911764468.
2023-11-20 20:22:07,235 - main1.py[line:201] - -----------------------------End 4 epoch train---------------------------------
2023-11-20 20:22:07,246 - main1.py[line:87] - -------------------------------start 5 epoch train-----------------------------------
